0 info it worked if it ends with ok
1 verbose cli [ 'c:\\Users\\limestudios\\AppData\\Local\\atom\\app-0.176.0\\resources\\app\\apm\\bin\\node.exe',
1 verbose cli   'c:\\Users\\limestudios\\AppData\\Local\\atom\\app-0.176.0\\resources\\app\\apm\\node_modules\\npm\\bin\\npm-cli.js',
1 verbose cli   'version',
1 verbose cli   'minor',
1 verbose cli   '-m',
1 verbose cli   'Prepare %s release' ]
2 info using npm@2.3.0
3 info using node@v0.10.35
4 info git [ 'status', '--porcelain' ]
5 verbose stack Error: Git working directory not clean.
5 verbose stack M package.json
5 verbose stack D styles/button.less
5 verbose stack M styles/tabs.less
5 verbose stack M styles/ui-variables.less
5 verbose stack     at c:\Users\limestudios\AppData\Local\atom\app-0.176.0\resources\app\apm\node_modules\npm\lib\version.js:138:37
5 verbose stack     at ChildProcess.exithandler (child_process.js:656:7)
5 verbose stack     at ChildProcess.emit (events.js:98:17)
5 verbose stack     at maybeClose (child_process.js:766:16)
5 verbose stack     at Process.ChildProcess._handle.onexit (child_process.js:833:5)
6 verbose cwd C:\Users\limestudios\Documents\Web_Docs\limeade-ui
7 error Windows_NT 6.2.9200
8 error argv "c:\\Users\\limestudios\\AppData\\Local\\atom\\app-0.176.0\\resources\\app\\apm\\bin\\node.exe" "c:\\Users\\limestudios\\AppData\\Local\\atom\\app-0.176.0\\resources\\app\\apm\\node_modules\\npm\\bin\\npm-cli.js" "version" "minor" "-m" "Prepare %s release"
9 error node v0.10.35
10 error npm  v2.3.0
11 error Git working directory not clean.
11 error M package.json
11 error D styles/button.less
11 error M styles/tabs.less
11 error M styles/ui-variables.less
12 error If you need help, you may report this error at:
12 error     <http://github.com/npm/npm/issues>
13 verbose exit [ 1, true ]
